#
# There is insufficient memory for the Java Runtime Environment to continue.
# Native memory allocation (malloc) failed to allocate 564624 bytes for Chunk::new
# Possible reasons:
#   The system is out of physical RAM or swap space
#   The process is running with CompressedOops enabled, and the Java Heap may be blocking the growth of the native heap
# Possible solutions:
#   Reduce memory load on the system
#   Increase physical memory or swap space
#   Check if swap backing store is full
#   Decrease Java heap size (-Xmx/-Xms)
#   Decrease number of Java threads
#   Decrease Java thread stack sizes (-Xss)
#   Set larger code cache with -XX:ReservedCodeCacheSize=
#   JVM is running with Unscaled Compressed Oops mode in which the Java heap is
#     placed in the first 4GB address space. The Java Heap base address is the
#     maximum limit for the native heap growth. Please use -XX:HeapBaseMinAddress
#     to set the Java Heap base and to place the Java Heap above 4GB virtual address.
# This output file may be truncated or incomplete.
#
#  Out of Memory Error (arena.cpp:184), pid=11144, tid=36528
#
# JRE version: OpenJDK Runtime Environment Temurin-19.0.2+7 (19.0.2+7) (build 19.0.2+7)
# Java VM: OpenJDK 64-Bit Server VM Temurin-19.0.2+7 (19.0.2+7, mixed mode, sharing, tiered, compressed oops, compressed class ptrs, g1 gc, windows-amd64)
# No core dump will be written. Minidumps are not enabled by default on client versions of Windows
#

---------------  S U M M A R Y ------------

Command Line: --add-modules=ALL-SYSTEM --add-opens=java.base/java.util=ALL-UNNAMED --add-opens=java.base/java.lang=ALL-UNNAMED -Declipse.application=org.python.pydev.pydev_lsp.application -Dosgi.bundles.defaultStartLevel=4 -Declipse.product=org.python.pydev.pydev_lsp.product -Xmx1G -XX:+UseG1GC -XX:+UseStringDeduplication c:\Users\Zikri\.vscode\extensions\fabioz.vscode-pydev-0.15.3\server\plugins\org.eclipse.equinox.launcher_1.6.700.v20240213-1244.jar -configuration c:\Users\Zikri\.vscode\extensions\fabioz.vscode-pydev-0.15.3\server\config_win -data c:\Users\Zikri\AppData\Roaming\Code\User\workspaceStorage\fd5cb68b46e6f0a8128d95c09c10672e\fabioz.vscode-pydev\pydev_ws

Host: AMD Ryzen 7 8840U w/ Radeon 780M Graphics      , 16 cores, 15G,  Windows 11 , 64 bit Build 26100 (10.0.26100.4768)
Time: Wed Aug  6 10:55:56 2025 SE Asia Standard Time elapsed time: 263.512177 seconds (0d 0h 4m 23s)

---------------  T H R E A D  ---------------

Current thread (0x0000025ef84c6e00):  JavaThread "C2 CompilerThread0" daemon [_thread_in_native, id=36528, stack(0x0000008a4f900000,0x0000008a4fa00000)]


Current CompileTask:
C2: 263516 3224       4       java.io.WinNTFileSystem::normalize (143 bytes)

Stack: [0x0000008a4f900000,0x0000008a4fa00000]
Native frames: (J=compiled Java code, j=interpreted, Vv=VM code, C=native code)
V  [jvm.dll+0x6e9e1a]
V  [jvm.dll+0x8a36c0]
V  [jvm.dll+0x8a50ae]
V  [jvm.dll+0x8a5763]
V  [jvm.dll+0x27bcdf]
V  [jvm.dll+0xc221f]
V  [jvm.dll+0xc2595]
V  [jvm.dll+0x3b7d9b]
V  [jvm.dll+0x3815f1]
V  [jvm.dll+0x380a9a]
V  [jvm.dll+0x2452db]
V  [jvm.dll+0x244671]
V  [jvm.dll+0x1cf4b1]
V  [jvm.dll+0x254229]
V  [jvm.dll+0x252418]
V  [jvm.dll+0x85403d]
V  [jvm.dll+0x84de3a]
V  [jvm.dll+0x6e8abb]
C  [ucrtbase.dll+0x37b0]
C  [KERNEL32.DLL+0x2e8d7]
C  [ntdll.dll+0x3c34c]


---------------  P R O C E S S  ---------------

Threads class SMR info:
_java_thread_list=0x0000025efdd8b420, length=22, elements={
0x0000025ede144840, 0x0000025ef8488210, 0x0000025ef8488c40, 0x0000025ef848ce60,
0x0000025ef84b17c0, 0x0000025ef84b8080, 0x0000025ef84c1530, 0x0000025ef84c6e00,
0x0000025ef84cf780, 0x0000025ef84dad60, 0x0000025ef85d88d0, 0x0000025ef86a1a10,
0x0000025efd397110, 0x0000025efd38bd60, 0x0000025efd38c6b0, 0x0000025efd543670,
0x0000025efce2e600, 0x0000025efce2db60, 0x0000025efce2cb70, 0x0000025efce2bb80,
0x0000025efce2eb50, 0x0000025efce2d0c0
}

Java Threads: ( => current thread )
  0x0000025ede144840 JavaThread "main" [_thread_blocked, id=33744, stack(0x0000008a4eb00000,0x0000008a4ec00000)]
  0x0000025ef8488210 JavaThread "Reference Handler" daemon [_thread_blocked, id=12156, stack(0x0000008a4f300000,0x0000008a4f400000)]
  0x0000025ef8488c40 JavaThread "Finalizer" daemon [_thread_blocked, id=25108, stack(0x0000008a4f400000,0x0000008a4f500000)]
  0x0000025ef848ce60 JavaThread "Signal Dispatcher" daemon [_thread_blocked, id=384, stack(0x0000008a4f500000,0x0000008a4f600000)]
  0x0000025ef84b17c0 JavaThread "Attach Listener" daemon [_thread_blocked, id=37656, stack(0x0000008a4f600000,0x0000008a4f700000)]
  0x0000025ef84b8080 JavaThread "Service Thread" daemon [_thread_blocked, id=19320, stack(0x0000008a4f700000,0x0000008a4f800000)]
  0x0000025ef84c1530 JavaThread "Monitor Deflation Thread" daemon [_thread_blocked, id=23768, stack(0x0000008a4f800000,0x0000008a4f900000)]
=>0x0000025ef84c6e00 JavaThread "C2 CompilerThread0" daemon [_thread_in_native, id=36528, stack(0x0000008a4f900000,0x0000008a4fa00000)]
  0x0000025ef84cf780 JavaThread "C1 CompilerThread0" daemon [_thread_blocked, id=34144, stack(0x0000008a4fa00000,0x0000008a4fb00000)]
  0x0000025ef84dad60 JavaThread "Sweeper thread" daemon [_thread_blocked, id=9204, stack(0x0000008a4fb00000,0x0000008a4fc00000)]
  0x0000025ef85d88d0 JavaThread "Common-Cleaner" daemon [_thread_blocked, id=27788, stack(0x0000008a4fc00000,0x0000008a4fd00000)]
  0x0000025ef86a1a10 JavaThread "Notification Thread" daemon [_thread_blocked, id=39284, stack(0x0000008a50000000,0x0000008a50100000)]
  0x0000025efd397110 JavaThread "Active Thread: Equinox Container: 33e0f650-3eae-482d-ad88-917b3de30bc7" [_thread_blocked, id=40092, stack(0x0000008a50600000,0x0000008a50700000)]
  0x0000025efd38bd60 JavaThread "Framework Event Dispatcher: Equinox Container: 33e0f650-3eae-482d-ad88-917b3de30bc7" daemon [_thread_blocked, id=3544, stack(0x0000008a51300000,0x0000008a51400000)]
  0x0000025efd38c6b0 JavaThread "Start Level: Equinox Container: 33e0f650-3eae-482d-ad88-917b3de30bc7" daemon [_thread_blocked, id=37088, stack(0x0000008a51400000,0x0000008a51500000)]
  0x0000025efd543670 JavaThread "SCR Component Actor" daemon [_thread_blocked, id=36480, stack(0x0000008a51500000,0x0000008a51600000)]
  0x0000025efce2e600 JavaThread "Worker-JM" [_thread_blocked, id=39424, stack(0x0000008a50400000,0x0000008a50500000)]
  0x0000025efce2db60 JavaThread "Worker-1" [_thread_blocked, id=37492, stack(0x0000008a51600000,0x0000008a51700000)]
  0x0000025efce2cb70 JavaThread "Worker-2" [_thread_blocked, id=20204, stack(0x0000008a51700000,0x0000008a51800000)]
  0x0000025efce2bb80 JavaThread "pool-2-thread-1" [_thread_in_native, id=32540, stack(0x0000008a51a00000,0x0000008a51b00000)]
  0x0000025efce2eb50 JavaThread "pool-1-thread-1" [_thread_in_native, id=14124, stack(0x0000008a51b00000,0x0000008a51c00000)]
  0x0000025efce2d0c0 JavaThread "Thread-3" daemon [_thread_blocked, id=6464, stack(0x0000008a51e00000,0x0000008a51f00000)]

Other Threads:
  0x0000025ef846f830 VMThread "VM Thread" [stack: 0x0000008a4f200000,0x0000008a4f300000] [id=35248]
  0x0000025ef86a1f50 WatcherThread "VM Periodic Task Thread" [stack: 0x0000008a50100000,0x0000008a50200000] [id=5260]
  0x0000025ede185260 WorkerThread "GC Thread#0" [stack: 0x0000008a4ec00000,0x0000008a4ed00000] [id=16664]
  0x0000025ef885cb20 WorkerThread "GC Thread#1" [stack: 0x0000008a50700000,0x0000008a50800000] [id=39116]
  0x0000025ef885d660 WorkerThread "GC Thread#2" [stack: 0x0000008a50800000,0x0000008a50900000] [id=16252]
  0x0000025ef885cdf0 WorkerThread "GC Thread#3" [stack: 0x0000008a50900000,0x0000008a50a00000] [id=20656]
  0x0000025ef885d0c0 WorkerThread "GC Thread#4" [stack: 0x0000008a50a00000,0x0000008a50b00000] [id=29836]
  0x0000025ef885d930 WorkerThread "GC Thread#5" [stack: 0x0000008a50b00000,0x0000008a50c00000] [id=20436]
  0x0000025ef885d390 WorkerThread "GC Thread#6" [stack: 0x0000008a50c00000,0x0000008a50d00000] [id=41564]
  0x0000025ef885dc00 WorkerThread "GC Thread#7" [stack: 0x0000008a50d00000,0x0000008a50e00000] [id=8576]
  0x0000025ef885ded0 WorkerThread "GC Thread#8" [stack: 0x0000008a50e00000,0x0000008a50f00000] [id=37132]
  0x0000025efd57a310 WorkerThread "GC Thread#9" [stack: 0x0000008a50f00000,0x0000008a51000000] [id=19408]
  0x0000025efd579aa0 WorkerThread "GC Thread#10" [stack: 0x0000008a51000000,0x0000008a51100000] [id=4092]
  0x0000025efd578150 WorkerThread "GC Thread#11" [stack: 0x0000008a51100000,0x0000008a51200000] [id=20320]
  0x0000025efd578420 WorkerThread "GC Thread#12" [stack: 0x0000008a51200000,0x0000008a51300000] [id=39812]
  0x0000025ede18f150 ConcurrentGCThread "G1 Main Marker" [stack: 0x0000008a4ed00000,0x0000008a4ee00000] [id=31936]
  0x0000025ede190900 WorkerThread "G1 Conc#0" [stack: 0x0000008a4ee00000,0x0000008a4ef00000] [id=9644]
  0x0000025ede1feb50 ConcurrentGCThread "G1 Refine#0" [stack: 0x0000008a4ef00000,0x0000008a4f000000] [id=18976]
  0x0000025ef832d770 ConcurrentGCThread "G1 Service" [stack: 0x0000008a4f000000,0x0000008a4f100000] [id=36024]
  0x0000025ef846bc00 ConcurrentGCThread "StringDedupProcessor" [stack: 0x0000008a4f100000,0x0000008a4f200000] [id=18532]

Threads with active compile tasks:
C2 CompilerThread0   263689 3224       4       java.io.WinNTFileSystem::normalize (143 bytes)

VM state: not at safepoint (normal execution)

VM Mutex/Monitor currently owned by a thread: None

Heap address: 0x00000000c0000000, size: 1024 MB, Compressed Oops mode: 32-bit

CDS archive(s) mapped at: [0x0000000800000000-0x0000000800ad0000-0x0000000800ad0000), size 11337728, SharedBaseAddress: 0x0000000800000000, ArchiveRelocationMode: 0.
Compressed class space mapped at: 0x0000000800c00000-0x0000000840c00000, reserved size: 1073741824
Narrow klass base: 0x0000000800000000, Narrow klass shift: 0, Narrow klass range: 0x100000000

GC Precious Log:
 CardTable entry size: 512
 Card Set container configuration: InlinePtr #cards 5 size 8 Array Of Cards #cards 12 size 40 Howl #buckets 4 coarsen threshold 1843 Howl Bitmap #cards 512 size 80 coarsen threshold 460 Card regions per heap region 1 cards per card region 2048
 CPUs: 16 total, 16 available
 Memory: 15638M
 Large Page Support: Disabled
 NUMA Support: Disabled
 Compressed Oops: Enabled (32-bit)
 Heap Region Size: 1M
 Heap Min Capacity: 8M
 Heap Initial Capacity: 246M
 Heap Max Capacity: 1G
 Pre-touch: Disabled
 Parallel Workers: 13
 Concurrent Workers: 3
 Concurrent Refinement Workers: 13
 Periodic GC: Disabled
 String Deduplication is enabled

Heap:
 garbage-first heap   total 251904K, used 82978K [0x00000000c0000000, 0x0000000100000000)
  region size 1024K, 80 young (81920K), 5 survivors (5120K)
 Metaspace       used 18937K, committed 19520K, reserved 1114112K
  class space    used 1983K, committed 2304K, reserved 1048576K

Heap Regions: E=young(eden), S=young(survivor), O=old, HS=humongous(starts), HC=humongous(continues), CS=collection set, F=free, OA=open archive, CA=closed archive, TAMS=top-at-mark-start (previous, next)
|   0|0x00000000c0000000, 0x00000000c0100000, 0x00000000c0100000|100%| O|  |TAMS 0x00000000c0000000, 0x00000000c0000000| Untracked 
|   1|0x00000000c0100000, 0x00000000c0200000, 0x00000000c0200000|100%| O|  |TAMS 0x00000000c0100000, 0x00000000c0100000| Untracked 
|   2|0x00000000c0200000, 0x00000000c0300000, 0x00000000c0300000|100%| O|  |TAMS 0x00000000c0200000, 0x00000000c0200000| Untracked 
|   3|0x00000000c0300000, 0x00000000c03e7200, 0x00000000c0400000| 90%| O|  |TAMS 0x00000000c0300000, 0x00000000c0300000| Untracked 
|   4|0x00000000c0400000, 0x00000000c0400000, 0x00000000c0500000|  0%| F|  |TAMS 0x00000000c0400000, 0x00000000c0400000| Untracked 
|   5|0x00000000c0500000, 0x00000000c0500000, 0x00000000c0600000|  0%| F|  |TAMS 0x00000000c0500000, 0x00000000c0500000| Untracked 
|   6|0x00000000c0600000, 0x00000000c0600000, 0x00000000c0700000|  0%| F|  |TAMS 0x00000000c0600000, 0x00000000c0600000| Untracked 
|   7|0x00000000c0700000, 0x00000000c0700000, 0x00000000c0800000|  0%| F|  |TAMS 0x00000000c0700000, 0x00000000c0700000| Untracked 
|   8|0x00000000c0800000, 0x00000000c0800000, 0x00000000c0900000|  0%| F|  |TAMS 0x00000000c0800000, 0x00000000c0800000| Untracked 
|   9|0x00000000c0900000, 0x00000000c0900000, 0x00000000c0a00000|  0%| F|  |TAMS 0x00000000c0900000, 0x00000000c0900000| Untracked 
|  10|0x00000000c0a00000, 0x00000000c0a00000, 0x00000000c0b00000|  0%| F|  |TAMS 0x00000000c0a00000, 0x00000000c0a00000| Untracked 
|  11|0x00000000c0b00000, 0x00000000c0b00000, 0x00000000c0c00000|  0%| F|  |TAMS 0x00000000c0b00000, 0x00000000c0b00000| Untracked 
|  12|0x00000000c0c00000, 0x00000000c0c00000, 0x00000000c0d00000|  0%| F|  |TAMS 0x00000000c0c00000, 0x00000000c0c00000| Untracked 
|  13|0x00000000c0d00000, 0x00000000c0d00000, 0x00000000c0e00000|  0%| F|  |TAMS 0x00000000c0d00000, 0x00000000c0d00000| Untracked 
|  14|0x00000000c0e00000, 0x00000000c0e00000, 0x00000000c0f00000|  0%| F|  |TAMS 0x00000000c0e00000, 0x00000000c0e00000| Untracked 
|  15|0x00000000c0f00000, 0x00000000c0f00000, 0x00000000c1000000|  0%| F|  |TAMS 0x00000000c0f00000, 0x00000000c0f00000| Untracked 
|  16|0x00000000c1000000, 0x00000000c1000000, 0x00000000c1100000|  0%| F|  |TAMS 0x00000000c1000000, 0x00000000c1000000| Untracked 
|  17|0x00000000c1100000, 0x00000000c1100000, 0x00000000c1200000|  0%| F|  |TAMS 0x00000000c1100000, 0x00000000c1100000| Untracked 
|  18|0x00000000c1200000, 0x00000000c1200000, 0x00000000c1300000|  0%| F|  |TAMS 0x00000000c1200000, 0x00000000c1200000| Untracked 
|  19|0x00000000c1300000, 0x00000000c1300000, 0x00000000c1400000|  0%| F|  |TAMS 0x00000000c1300000, 0x00000000c1300000| Untracked 
|  20|0x00000000c1400000, 0x00000000c1400000, 0x00000000c1500000|  0%| F|  |TAMS 0x00000000c1400000, 0x00000000c1400000| Untracked 
|  21|0x00000000c1500000, 0x00000000c1500000, 0x00000000c1600000|  0%| F|  |TAMS 0x00000000c1500000, 0x00000000c1500000| Untracked 
|  22|0x00000000c1600000, 0x00000000c1600000, 0x00000000c1700000|  0%| F|  |TAMS 0x00000000c1600000, 0x00000000c1600000| Untracked 
|  23|0x00000000c1700000, 0x00000000c1700000, 0x00000000c1800000|  0%| F|  |TAMS 0x00000000c1700000, 0x00000000c1700000| Untracked 
|  24|0x00000000c1800000, 0x00000000c1800000, 0x00000000c1900000|  0%| F|  |TAMS 0x00000000c1800000, 0x00000000c1800000| Untracked 
|  25|0x00000000c1900000, 0x00000000c1900000, 0x00000000c1a00000|  0%| F|  |TAMS 0x00000000c1900000, 0x00000000c1900000| Untracked 
|  26|0x00000000c1a00000, 0x00000000c1a00000, 0x00000000c1b00000|  0%| F|  |TAMS 0x00000000c1a00000, 0x00000000c1a00000| Untracked 
|  27|0x00000000c1b00000, 0x00000000c1b00000, 0x00000000c1c00000|  0%| F|  |TAMS 0x00000000c1b00000, 0x00000000c1b00000| Untracked 
|  28|0x00000000c1c00000, 0x00000000c1c00000, 0x00000000c1d00000|  0%| F|  |TAMS 0x00000000c1c00000, 0x00000000c1c00000| Untracked 
|  29|0x00000000c1d00000, 0x00000000c1d00000, 0x00000000c1e00000|  0%| F|  |TAMS 0x00000000c1d00000, 0x00000000c1d00000| Untracked 
|  30|0x00000000c1e00000, 0x00000000c1e00000, 0x00000000c1f00000|  0%| F|  |TAMS 0x00000000c1e00000, 0x00000000c1e00000| Untracked 
|  31|0x00000000c1f00000, 0x00000000c1f00000, 0x00000000c2000000|  0%| F|  |TAMS 0x00000000c1f00000, 0x00000000c1f00000| Untracked 
|  32|0x00000000c2000000, 0x00000000c2000000, 0x00000000c2100000|  0%| F|  |TAMS 0x00000000c2000000, 0x00000000c2000000| Untracked 
|  33|0x00000000c2100000, 0x00000000c2100000, 0x00000000c2200000|  0%| F|  |TAMS 0x00000000c2100000, 0x00000000c2100000| Untracked 
|  34|0x00000000c2200000, 0x00000000c2200000, 0x00000000c2300000|  0%| F|  |TAMS 0x00000000c2200000, 0x00000000c2200000| Untracked 
|  35|0x00000000c2300000, 0x00000000c2300000, 0x00000000c2400000|  0%| F|  |TAMS 0x00000000c2300000, 0x00000000c2300000| Untracked 
|  36|0x00000000c2400000, 0x00000000c2400000, 0x00000000c2500000|  0%| F|  |TAMS 0x00000000c2400000, 0x00000000c2400000| Untracked 
|  37|0x00000000c2500000, 0x00000000c2500000, 0x00000000c2600000|  0%| F|  |TAMS 0x00000000c2500000, 0x00000000c2500000| Untracked 
|  38|0x00000000c2600000, 0x00000000c2600000, 0x00000000c2700000|  0%| F|  |TAMS 0x00000000c2600000, 0x00000000c2600000| Untracked 
|  39|0x00000000c2700000, 0x00000000c2700000, 0x00000000c2800000|  0%| F|  |TAMS 0x00000000c2700000, 0x00000000c2700000| Untracked 
|  40|0x00000000c2800000, 0x00000000c2800000, 0x00000000c2900000|  0%| F|  |TAMS 0x00000000c2800000, 0x00000000c2800000| Untracked 
|  41|0x00000000c2900000, 0x00000000c2900000, 0x00000000c2a00000|  0%| F|  |TAMS 0x00000000c2900000, 0x00000000c2900000| Untracked 
|  42|0x00000000c2a00000, 0x00000000c2a00000, 0x00000000c2b00000|  0%| F|  |TAMS 0x00000000c2a00000, 0x00000000c2a00000| Untracked 
|  43|0x00000000c2b00000, 0x00000000c2b00000, 0x00000000c2c00000|  0%| F|  |TAMS 0x00000000c2b00000, 0x00000000c2b00000| Untracked 
|  44|0x00000000c2c00000, 0x00000000c2c00000, 0x00000000c2d00000|  0%| F|  |TAMS 0x00000000c2c00000, 0x00000000c2c00000| Untracked 
|  45|0x00000000c2d00000, 0x00000000c2d00000, 0x00000000c2e00000|  0%| F|  |TAMS 0x00000000c2d00000, 0x00000000c2d00000| Untracked 
|  46|0x00000000c2e00000, 0x00000000c2e00000, 0x00000000c2f00000|  0%| F|  |TAMS 0x00000000c2e00000, 0x00000000c2e00000| Untracked 
|  47|0x00000000c2f00000, 0x00000000c2f00000, 0x00000000c3000000|  0%| F|  |TAMS 0x00000000c2f00000, 0x00000000c2f00000| Untracked 
|  48|0x00000000c3000000, 0x00000000c3000000, 0x00000000c3100000|  0%| F|  |TAMS 0x00000000c3000000, 0x00000000c3000000| Untracked 
|  49|0x00000000c3100000, 0x00000000c3100000, 0x00000000c3200000|  0%| F|  |TAMS 0x00000000c3100000, 0x00000000c3100000| Untracked 
|  50|0x00000000c3200000, 0x00000000c3200000, 0x00000000c3300000|  0%| F|  |TAMS 0x00000000c3200000, 0x00000000c3200000| Untracked 
|  51|0x00000000c3300000, 0x00000000c3300000, 0x00000000c3400000|  0%| F|  |TAMS 0x00000000c3300000, 0x00000000c3300000| Untracked 
|  52|0x00000000c3400000, 0x00000000c3400000, 0x00000000c3500000|  0%| F|  |TAMS 0x00000000c3400000, 0x00000000c3400000| Untracked 
|  53|0x00000000c3500000, 0x00000000c3500000, 0x00000000c3600000|  0%| F|  |TAMS 0x00000000c3500000, 0x00000000c3500000| Untracked 
|  54|0x00000000c3600000, 0x00000000c3600000, 0x00000000c3700000|  0%| F|  |TAMS 0x00000000c3600000, 0x00000000c3600000| Untracked 
|  55|0x00000000c3700000, 0x00000000c3700000, 0x00000000c3800000|  0%| F|  |TAMS 0x00000000c3700000, 0x00000000c3700000| Untracked 
|  56|0x00000000c3800000, 0x00000000c3800000, 0x00000000c3900000|  0%| F|  |TAMS 0x00000000c3800000, 0x00000000c3800000| Untracked 
|  57|0x00000000c3900000, 0x00000000c3900000, 0x00000000c3a00000|  0%| F|  |TAMS 0x00000000c3900000, 0x00000000c3900000| Untracked 
|  58|0x00000000c3a00000, 0x00000000c3a00000, 0x00000000c3b00000|  0%| F|  |TAMS 0x00000000c3a00000, 0x00000000c3a00000| Untracked 
|  59|0x00000000c3b00000, 0x00000000c3b00000, 0x00000000c3c00000|  0%| F|  |TAMS 0x00000000c3b00000, 0x00000000c3b00000| Untracked 
|  60|0x00000000c3c00000, 0x00000000c3c00000, 0x00000000c3d00000|  0%| F|  |TAMS 0x00000000c3c00000, 0x00000000c3c00000| Untracked 
|  61|0x00000000c3d00000, 0x00000000c3d00000, 0x00000000c3e00000|  0%| F|  |TAMS 0x00000000c3d00000, 0x00000000c3d00000| Untracked 
|  62|0x00000000c3e00000, 0x00000000c3e00000, 0x00000000c3f00000|  0%| F|  |TAMS 0x00000000c3e00000, 0x00000000c3e00000| Untracked 
|  63|0x00000000c3f00000, 0x00000000c3f00000, 0x00000000c4000000|  0%| F|  |TAMS 0x00000000c3f00000, 0x00000000c3f00000| Untracked 
|  64|0x00000000c4000000, 0x00000000c4000000, 0x00000000c4100000|  0%| F|  |TAMS 0x00000000c4000000, 0x00000000c4000000| Untracked 
|  65|0x00000000c4100000, 0x00000000c4100000, 0x00000000c4200000|  0%| F|  |TAMS 0x00000000c4100000, 0x00000000c4100000| Untracked 
|  66|0x00000000c4200000, 0x00000000c4200000, 0x00000000c4300000|  0%| F|  |TAMS 0x00000000c4200000, 0x00000000c4200000| Untracked 
|  67|0x00000000c4300000, 0x00000000c4300000, 0x00000000c4400000|  0%| F|  |TAMS 0x00000000c4300000, 0x00000000c4300000| Untracked 
|  68|0x00000000c4400000, 0x00000000c4400000, 0x00000000c4500000|  0%| F|  |TAMS 0x00000000c4400000, 0x00000000c4400000| Untracked 
|  69|0x00000000c4500000, 0x00000000c4500000, 0x00000000c4600000|  0%| F|  |TAMS 0x00000000c4500000, 0x00000000c4500000| Untracked 
|  70|0x00000000c4600000, 0x00000000c4600000, 0x00000000c4700000|  0%| F|  |TAMS 0x00000000c4600000, 0x00000000c4600000| Untracked 
|  71|0x00000000c4700000, 0x00000000c4700000, 0x00000000c4800000|  0%| F|  |TAMS 0x00000000c4700000, 0x00000000c4700000| Untracked 
|  72|0x00000000c4800000, 0x00000000c4800000, 0x00000000c4900000|  0%| F|  |TAMS 0x00000000c4800000, 0x00000000c4800000| Untracked 
|  73|0x00000000c4900000, 0x00000000c4900000, 0x00000000c4a00000|  0%| F|  |TAMS 0x00000000c4900000, 0x00000000c4900000| Untracked 
|  74|0x00000000c4a00000, 0x00000000c4a00000, 0x00000000c4b00000|  0%| F|  |TAMS 0x00000000c4a00000, 0x00000000c4a00000| Untracked 
|  75|0x00000000c4b00000, 0x00000000c4b00000, 0x00000000c4c00000|  0%| F|  |TAMS 0x00000000c4b00000, 0x00000000c4b00000| Untracked 
|  76|0x00000000c4c00000, 0x00000000c4c00000, 0x00000000c4d00000|  0%| F|  |TAMS 0x00000000c4c00000, 0x00000000c4c00000| Untracked 
|  77|0x00000000c4d00000, 0x00000000c4d00000, 0x00000000c4e00000|  0%| F|  |TAMS 0x00000000c4d00000, 0x00000000c4d00000| Untracked 
|  78|0x00000000c4e00000, 0x00000000c4e00000, 0x00000000c4f00000|  0%| F|  |TAMS 0x00000000c4e00000, 0x00000000c4e00000| Untracked 
|  79|0x00000000c4f00000, 0x00000000c4f00000, 0x00000000c5000000|  0%| F|  |TAMS 0x00000000c4f00000, 0x00000000c4f00000| Untracked 
|  80|0x00000000c5000000, 0x00000000c5000000, 0x00000000c5100000|  0%| F|  |TAMS 0x00000000c5000000, 0x00000000c5000000| Untracked 
|  81|0x00000000c5100000, 0x00000000c5100000, 0x00000000c5200000|  0%| F|  |TAMS 0x00000000c5100000, 0x00000000c5100000| Untracked 
|  82|0x00000000c5200000, 0x00000000c5200000, 0x00000000c5300000|  0%| F|  |TAMS 0x00000000c5200000, 0x00000000c5200000| Untracked 
|  83|0x00000000c5300000, 0x00000000c5300000, 0x00000000c5400000|  0%| F|  |TAMS 0x00000000c5300000, 0x00000000c5300000| Untracked 
|  84|0x00000000c5400000, 0x00000000c5400000, 0x00000000c5500000|  0%| F|  |TAMS 0x00000000c5400000, 0x00000000c5400000| Untracked 
|  85|0x00000000c5500000, 0x00000000c5500000, 0x00000000c5600000|  0%| F|  |TAMS 0x00000000c5500000, 0x00000000c5500000| Untracked 
|  86|0x00000000c5600000, 0x00000000c5600000, 0x00000000c5700000|  0%| F|  |TAMS 0x00000000c5600000, 0x00000000c5600000| Untracked 
|  87|0x00000000c5700000, 0x00000000c5700000, 0x00000000c5800000|  0%| F|  |TAMS 0x00000000c5700000, 0x00000000c5700000| Untracked 
|  88|0x00000000c5800000, 0x00000000c5800000, 0x00000000c5900000|  0%| F|  |TAMS 0x00000000c5800000, 0x00000000c5800000| Untracked 
|  89|0x00000000c5900000, 0x00000000c5900000, 0x00000000c5a00000|  0%| F|  |TAMS 0x00000000c5900000, 0x00000000c5900000| Untracked 
|  90|0x00000000c5a00000, 0x00000000c5a00000, 0x00000000c5b00000|  0%| F|  |TAMS 0x00000000c5a00000, 0x00000000c5a00000| Untracked 
|  91|0x00000000c5b00000, 0x00000000c5b00000, 0x00000000c5c00000|  0%| F|  |TAMS 0x00000000c5b00000, 0x00000000c5b00000| Untracked 
|  92|0x00000000c5c00000, 0x00000000c5c00000, 0x00000000c5d00000|  0%| F|  |TAMS 0x00000000c5c00000, 0x00000000c5c00000| Untracked 
|  93|0x00000000c5d00000, 0x00000000c5d00000, 0x00000000c5e00000|  0%| F|  |TAMS 0x00000000c5d00000, 0x00000000c5d00000| Untracked 
|  94|0x00000000c5e00000, 0x00000000c5e00000, 0x00000000c5f00000|  0%| F|  |TAMS 0x00000000c5e00000, 0x00000000c5e00000| Untracked 
|  95|0x00000000c5f00000, 0x00000000c5f00000, 0x00000000c6000000|  0%| F|  |TAMS 0x00000000c5f00000, 0x00000000c5f00000| Untracked 
|  96|0x00000000c6000000, 0x00000000c6000000, 0x00000000c6100000|  0%| F|  |TAMS 0x00000000c6000000, 0x00000000c6000000| Untracked 
|  97|0x00000000c6100000, 0x00000000c6100000, 0x00000000c6200000|  0%| F|  |TAMS 0x00000000c6100000, 0x00000000c6100000| Untracked 
|  98|0x00000000c6200000, 0x00000000c6200000, 0x00000000c6300000|  0%| F|  |TAMS 0x00000000c6200000, 0x00000000c6200000| Untracked 
|  99|0x00000000c6300000, 0x00000000c6300000, 0x00000000c6400000|  0%| F|  |TAMS 0x00000000c6300000, 0x00000000c6300000| Untracked 
| 100|0x00000000c6400000, 0x00000000c6400000, 0x00000000c6500000|  0%| F|  |TAMS 0x00000000c6400000, 0x00000000c6400000| Untracked 
| 101|0x00000000c6500000, 0x00000000c6500000, 0x00000000c6600000|  0%| F|  |TAMS 0x00000000c6500000, 0x00000000c6500000| Untracked 
| 102|0x00000000c6600000, 0x00000000c6600000, 0x00000000c6700000|  0%| F|  |TAMS 0x00000000c6600000, 0x00000000c6600000| Untracked 
| 103|0x00000000c6700000, 0x00000000c6700000, 0x00000000c6800000|  0%| F|  |TAMS 0x00000000c6700000, 0x00000000c6700000| Untracked 
| 104|0x00000000c6800000, 0x00000000c6800000, 0x00000000c6900000|  0%| F|  |TAMS 0x00000000c6800000, 0x00000000c6800000| Untracked 
| 105|0x00000000c6900000, 0x00000000c6900000, 0x00000000c6a00000|  0%| F|  |TAMS 0x00000000c6900000, 0x00000000c6900000| Untracked 
| 106|0x00000000c6a00000, 0x00000000c6a00000, 0x00000000c6b00000|  0%| F|  |TAMS 0x00000000c6a00000, 0x00000000c6a00000| Untracked 
| 107|0x00000000c6b00000, 0x00000000c6b00000, 0x00000000c6c00000|  0%| F|  |TAMS 0x00000000c6b00000, 0x00000000c6b00000| Untracked 
| 108|0x00000000c6c00000, 0x00000000c6c00000, 0x00000000c6d00000|  0%| F|  |TAMS 0x00000000c6c00000, 0x00000000c6c00000| Untracked 
| 109|0x00000000c6d00000, 0x00000000c6d00000, 0x00000000c6e00000|  0%| F|  |TAMS 0x00000000c6d00000, 0x00000000c6d00000| Untracked 
| 110|0x00000000c6e00000, 0x00000000c6e00000, 0x00000000c6f00000|  0%| F|  |TAMS 0x00000000c6e00000, 0x00000000c6e00000| Untracked 
| 111|0x00000000c6f00000, 0x00000000c6f00000, 0x00000000c7000000|  0%| F|  |TAMS 0x00000000c6f00000, 0x00000000c6f00000| Untracked 
| 112|0x00000000c7000000, 0x00000000c7000000, 0x00000000c7100000|  0%| F|  |TAMS 0x00000000c7000000, 0x00000000c7000000| Untracked 
| 113|0x00000000c7100000, 0x00000000c7100000, 0x00000000c7200000|  0%| F|  |TAMS 0x00000000c7100000, 0x00000000c7100000| Untracked 
| 114|0x00000000c7200000, 0x00000000c7200000, 0x00000000c7300000|  0%| F|  |TAMS 0x00000000c7200000, 0x00000000c7200000| Untracked 
| 115|0x00000000c7300000, 0x00000000c7300000, 0x00000000c7400000|  0%| F|  |TAMS 0x00000000c7300000, 0x00000000c7300000| Untracked 
| 116|0x00000000c7400000, 0x00000000c7400000, 0x00000000c7500000|  0%| F|  |TAMS 0x00000000c7400000, 0x00000000c7400000| Untracked 
| 117|0x00000000c7500000, 0x00000000c7500000, 0x00000000c7600000|  0%| F|  |TAMS 0x00000000c7500000, 0x00000000c7500000| Untracked 
| 118|0x00000000c7600000, 0x00000000c7600000, 0x00000000c7700000|  0%| F|  |TAMS 0x00000000c7600000, 0x00000000c7600000| Untracked 
| 119|0x00000000c7700000, 0x00000000c7700000, 0x00000000c7800000|  0%| F|  |TAMS 0x00000000c7700000, 0x00000000c7700000| Untracked 
| 120|0x00000000c7800000, 0x00000000c7800000, 0x00000000c7900000|  0%| F|  |TAMS 0x00000000c7800000, 0x00000000c7800000| Untracked 
| 121|0x00000000c7900000, 0x00000000c7900000, 0x00000000c7a00000|  0%| F|  |TAMS 0x00000000c7900000, 0x00000000c7900000| Untracked 
| 122|0x00000000c7a00000, 0x00000000c7a00000, 0x00000000c7b00000|  0%| F|  |TAMS 0x00000000c7a00000, 0x00000000c7a00000| Untracked 
| 123|0x00000000c7b00000, 0x00000000c7b00000, 0x00000000c7c00000|  0%| F|  |TAMS 0x00000000c7b00000, 0x00000000c7b00000| Untracked 
| 124|0x00000000c7c00000, 0x00000000c7c00000, 0x00000000c7d00000|  0%| F|  |TAMS 0x00000000c7c00000, 0x00000000c7c00000| Untracked 
| 125|0x00000000c7d00000, 0x00000000c7d00000, 0x00000000c7e00000|  0%| F|  |TAMS 0x00000000c7d00000, 0x00000000c7d00000| Untracked 
| 126|0x00000000c7e00000, 0x00000000c7e00000, 0x00000000c7f00000|  0%| F|  |TAMS 0x00000000c7e00000, 0x00000000c7e00000| Untracked 
| 127|0x00000000c7f00000, 0x00000000c7f00000, 0x00000000c8000000|  0%| F|  |TAMS 0x00000000c7f00000, 0x00000000c7f00000| Untracked 
| 128|0x00000000c8000000, 0x00000000c8000000, 0x00000000c8100000|  0%| F|  |TAMS 0x00000000c8000000, 0x00000000c8000000| Untracked 
| 129|0x00000000c8100000, 0x00000000c8100000, 0x00000000c8200000|  0%| F|  |TAMS 0x00000000c8100000, 0x00000000c8100000| Untracked 
| 130|0x00000000c8200000, 0x00000000c8200000, 0x00000000c8300000|  0%| F|  |TAMS 0x00000000c8200000, 0x00000000c8200000| Untracked 
| 131|0x00000000c8300000, 0x00000000c8300000, 0x00000000c8400000|  0%| F|  |TAMS 0x00000000c8300000, 0x00000000c8300000| Untracked 
| 132|0x00000000c8400000, 0x00000000c8400000, 0x00000000c8500000|  0%| F|  |TAMS 0x00000000c8400000, 0x00000000c8400000| Untracked 
| 133|0x00000000c8500000, 0x00000000c8500000, 0x00000000c8600000|  0%| F|  |TAMS 0x00000000c8500000, 0x00000000c8500000| Untracked 
| 134|0x00000000c8600000, 0x00000000c8600000, 0x00000000c8700000|  0%| F|  |TAMS 0x00000000c8600000, 0x00000000c8600000| Untracked 
| 135|0x00000000c8700000, 0x00000000c8700000, 0x00000000c8800000|  0%| F|  |TAMS 0x00000000c8700000, 0x00000000c8700000| Untracked 
| 136|0x00000000c8800000, 0x00000000c8800000, 0x00000000c8900000|  0%| F|  |TAMS 0x00000000c8800000, 0x00000000c8800000| Untracked 
| 137|0x00000000c8900000, 0x00000000c8900000, 0x00000000c8a00000|  0%| F|  |TAMS 0x00000000c8900000, 0x00000000c8900000| Untracked 
| 138|0x00000000c8a00000, 0x00000000c8a00000, 0x00000000c8b00000|  0%| F|  |TAMS 0x00000000c8a00000, 0x00000000c8a00000| Untracked 
| 139|0x00000000c8b00000, 0x00000000c8b00000, 0x00000000c8c00000|  0%| F|  |TAMS 0x00000000c8b00000, 0x00000000c8b00000| Untracked 
| 140|0x00000000c8c00000, 0x00000000c8c00000, 0x00000000c8d00000|  0%| F|  |TAMS 0x00000000c8c00000, 0x00000000c8c00000| Untracked 
| 141|0x00000000c8d00000, 0x00000000c8d00000, 0x00000000c8e00000|  0%| F|  |TAMS 0x00000000c8d00000, 0x00000000c8d00000| Untracked 
| 142|0x00000000c8e00000, 0x00000000c8e00000, 0x00000000c8f00000|  0%| F|  |TAMS 0x00000000c8e00000, 0x00000000c8e00000| Untracked 
| 143|0x00000000c8f00000, 0x00000000c8f00000, 0x00000000c9000000|  0%| F|  |TAMS 0x00000000c8f00000, 0x00000000c8f00000| Untracked 
| 144|0x00000000c9000000, 0x00000000c9000000, 0x00000000c9100000|  0%| F|  |TAMS 0x00000000c9000000, 0x00000000c9000000| Untracked 
| 145|0x00000000c9100000, 0x00000000c9100000, 0x00000000c9200000|  0%| F|  |TAMS 0x00000000c9100000, 0x00000000c9100000| Untracked 
| 146|0x00000000c9200000, 0x00000000c9200000, 0x00000000c9300000|  0%| F|  |TAMS 0x00000000c9200000, 0x00000000c9200000| Untracked 
| 147|0x00000000c9300000, 0x00000000c9300000, 0x00000000c9400000|  0%| F|  |TAMS 0x00000000c9300000, 0x00000000c9300000| Untracked 
| 148|0x00000000c9400000, 0x00000000c9400000, 0x00000000c9500000|  0%| F|  |TAMS 0x00000000c9400000, 0x00000000c9400000| Untracked 
| 149|0x00000000c9500000, 0x00000000c9500000, 0x00000000c9600000|  0%| F|  |TAMS 0x00000000c9500000, 0x00000000c9500000| Untracked 
| 150|0x00000000c9600000, 0x00000000c9600000, 0x00000000c9700000|  0%| F|  |TAMS 0x00000000c9600000, 0x00000000c9600000| Untracked 
| 151|0x00000000c9700000, 0x00000000c9700000, 0x00000000c9800000|  0%| F|  |TAMS 0x00000000c9700000, 0x00000000c9700000| Untracked 
| 152|0x00000000c9800000, 0x00000000c9800000, 0x00000000c9900000|  0%| F|  |TAMS 0x00000000c9800000, 0x00000000c9800000| Untracked 
| 153|0x00000000c9900000, 0x00000000c9900000, 0x00000000c9a00000|  0%| F|  |TAMS 0x00000000c9900000, 0x00000000c9900000| Untracked 
| 154|0x00000000c9a00000, 0x00000000c9a00000, 0x00000000c9b00000|  0%| F|  |TAMS 0x00000000c9a00000, 0x00000000c9a00000| Untracked 
| 155|0x00000000c9b00000, 0x00000000c9b00000, 0x00000000c9c00000|  0%| F|  |TAMS 0x00000000c9b00000, 0x00000000c9b00000| Untracked 
| 156|0x00000000c9c00000, 0x00000000c9c00000, 0x00000000c9d00000|  0%| F|  |TAMS 0x00000000c9c00000, 0x00000000c9c00000| Untracked 
| 157|0x00000000c9d00000, 0x00000000c9d00000, 0x00000000c9e00000|  0%| F|  |TAMS 0x00000000c9d00000, 0x00000000c9d00000| Untracked 
| 158|0x00000000c9e00000, 0x00000000c9e00000, 0x00000000c9f00000|  0%| F|  |TAMS 0x00000000c9e00000, 0x00000000c9e00000| Untracked 
| 159|0x00000000c9f00000, 0x00000000c9f00000, 0x00000000ca000000|  0%| F|  |TAMS 0x00000000c9f00000, 0x00000000c9f00000| Untracked 
| 160|0x00000000ca000000, 0x00000000ca000000, 0x00000000ca100000|  0%| F|  |TAMS 0x00000000ca000000, 0x00000000ca000000| Untracked 
| 161|0x00000000ca100000, 0x00000000ca100000, 0x00000000ca200000|  0%| F|  |TAMS 0x00000000ca100000, 0x00000000ca100000| Untracked 
| 162|0x00000000ca200000, 0x00000000ca200000, 0x00000000ca300000|  0%| F|  |TAMS 0x00000000ca200000, 0x00000000ca200000| Untracked 
| 163|0x00000000ca300000, 0x00000000ca300000, 0x00000000ca400000|  0%| F|  |TAMS 0x00000000ca300000, 0x00000000ca300000| Untracked 
| 164|0x00000000ca400000, 0x00000000ca400000, 0x00000000ca500000|  0%| F|  |TAMS 0x00000000ca400000, 0x00000000ca400000| Untracked 
| 165|0x00000000ca500000, 0x00000000ca500000, 0x00000000ca600000|  0%| F|  |TAMS 0x00000000ca500000, 0x00000000ca500000| Untracked 
| 166|0x00000000ca600000, 0x00000000ca662658, 0x00000000ca700000| 38%| E|  |TAMS 0x00000000ca600000, 0x00000000ca600000| Complete 
| 167|0x00000000ca700000, 0x00000000ca800000, 0x00000000ca800000|100%| E|  |TAMS 0x00000000ca700000, 0x00000000ca700000| Complete 
| 168|0x00000000ca800000, 0x00000000ca900000, 0x00000000ca900000|100%| E|CS|TAMS 0x00000000ca800000, 0x00000000ca800000| Complete 
| 169|0x00000000ca900000, 0x00000000caa00000, 0x00000000caa00000|100%| E|CS|TAMS 0x00000000ca900000, 0x00000000ca900000| Complete 
| 170|0x00000000caa00000, 0x00000000cab00000, 0x00000000cab00000|100%| E|CS|TAMS 0x00000000caa00000, 0x00000000caa00000| Complete 
| 171|0x00000000cab00000, 0x00000000cac00000, 0x00000000cac00000|100%| E|CS|TAMS 0x00000000cab00000, 0x00000000cab00000| Complete 
| 172|0x00000000cac00000, 0x00000000cad00000, 0x00000000cad00000|100%| E|CS|TAMS 0x00000000cac00000, 0x00000000cac00000| Complete 
| 173|0x00000000cad00000, 0x00000000cae00000, 0x00000000cae00000|100%| E|CS|TAMS 0x00000000cad00000, 0x00000000cad00000| Complete 
| 174|0x00000000cae00000, 0x00000000caf00000, 0x00000000caf00000|100%| E|CS|TAMS 0x00000000cae00000, 0x00000000cae00000| Complete 
| 175|0x00000000caf00000, 0x00000000cb000000, 0x00000000cb000000|100%| E|CS|TAMS 0x00000000caf00000, 0x00000000caf00000| Complete 
| 176|0x00000000cb000000, 0x00000000cb100000, 0x00000000cb100000|100%| E|CS|TAMS 0x00000000cb000000, 0x00000000cb000000| Complete 
| 177|0x00000000cb100000, 0x00000000cb200000, 0x00000000cb200000|100%| E|CS|TAMS 0x00000000cb100000, 0x00000000cb100000| Complete 
| 178|0x00000000cb200000, 0x00000000cb300000, 0x00000000cb300000|100%| E|CS|TAMS 0x00000000cb200000, 0x00000000cb200000| Complete 
| 179|0x00000000cb300000, 0x00000000cb400000, 0x00000000cb400000|100%| E|CS|TAMS 0x00000000cb300000, 0x00000000cb300000| Complete 
| 180|0x00000000cb400000, 0x00000000cb500000, 0x00000000cb500000|100%| E|CS|TAMS 0x00000000cb400000, 0x00000000cb400000| Complete 
| 181|0x00000000cb500000, 0x00000000cb600000, 0x00000000cb600000|100%| E|CS|TAMS 0x00000000cb500000, 0x00000000cb500000| Complete 
| 182|0x00000000cb600000, 0x00000000cb700000, 0x00000000cb700000|100%| E|CS|TAMS 0x00000000cb600000, 0x00000000cb600000| Complete 
| 183|0x00000000cb700000, 0x00000000cb800000, 0x00000000cb800000|100%| E|CS|TAMS 0x00000000cb700000, 0x00000000cb700000| Complete 
| 184|0x00000000cb800000, 0x00000000cb900000, 0x00000000cb900000|100%| E|CS|TAMS 0x00000000cb800000, 0x00000000cb800000| Complete 
| 185|0x00000000cb900000, 0x00000000cba00000, 0x00000000cba00000|100%| E|CS|TAMS 0x00000000cb900000, 0x00000000cb900000| Complete 
| 186|0x00000000cba00000, 0x00000000cbb00000, 0x00000000cbb00000|100%| E|CS|TAMS 0x00000000cba00000, 0x00000000cba00000| Complete 
| 187|0x00000000cbb00000, 0x00000000cbc00000, 0x00000000cbc00000|100%| E|CS|TAMS 0x00000000cbb00000, 0x00000000cbb00000| Complete 
| 188|0x00000000cbc00000, 0x00000000cbd00000, 0x00000000cbd00000|100%| E|CS|TAMS 0x00000000cbc00000, 0x00000000cbc00000| Complete 
| 189|0x00000000cbd00000, 0x00000000cbe00000, 0x00000000cbe00000|100%| E|CS|TAMS 0x00000000cbd00000, 0x00000000cbd00000| Complete 
| 190|0x00000000cbe00000, 0x00000000cbf00000, 0x00000000cbf00000|100%| E|CS|TAMS 0x00000000cbe00000, 0x00000000cbe00000| Complete 
| 191|0x00000000cbf00000, 0x00000000cc000000, 0x00000000cc000000|100%| E|CS|TAMS 0x00000000cbf00000, 0x00000000cbf00000| Complete 
| 192|0x00000000cc000000, 0x00000000cc100000, 0x00000000cc100000|100%| E|CS|TAMS 0x00000000cc000000, 0x00000000cc000000| Complete 
| 193|0x00000000cc100000, 0x00000000cc200000, 0x00000000cc200000|100%| E|CS|TAMS 0x00000000cc100000, 0x00000000cc100000| Complete 
| 194|0x00000000cc200000, 0x00000000cc300000, 0x00000000cc300000|100%| E|CS|TAMS 0x00000000cc200000, 0x00000000cc200000| Complete 
| 195|0x00000000cc300000, 0x00000000cc400000, 0x00000000cc400000|100%| E|CS|TAMS 0x00000000cc300000, 0x00000000cc300000| Complete 
| 196|0x00000000cc400000, 0x00000000cc500000, 0x00000000cc500000|100%| E|CS|TAMS 0x00000000cc400000, 0x00000000cc400000| Complete 
| 197|0x00000000cc500000, 0x00000000cc600000, 0x00000000cc600000|100%| E|CS|TAMS 0x00000000cc500000, 0x00000000cc500000| Complete 
| 198|0x00000000cc600000, 0x00000000cc700000, 0x00000000cc700000|100%| E|CS|TAMS 0x00000000cc600000, 0x00000000cc600000| Complete 
| 199|0x00000000cc700000, 0x00000000cc800000, 0x00000000cc800000|100%| E|CS|TAMS 0x00000000cc700000, 0x00000000cc700000| Complete 
| 200|0x00000000cc800000, 0x00000000cc900000, 0x00000000cc900000|100%| E|CS|TAMS 0x00000000cc800000, 0x00000000cc800000| Complete 
| 201|0x00000000cc900000, 0x00000000cca00000, 0x00000000cca00000|100%| E|CS|TAMS 0x00000000cc900000, 0x00000000cc900000| Complete 
| 202|0x00000000cca00000, 0x00000000ccb00000, 0x00000000ccb00000|100%| E|CS|TAMS 0x00000000cca00000, 0x00000000cca00000| Complete 
| 203|0x00000000ccb00000, 0x00000000ccc00000, 0x00000000ccc00000|100%| E|CS|TAMS 0x00000000ccb00000, 0x00000000ccb00000| Complete 
| 204|0x00000000ccc00000, 0x00000000ccd00000, 0x00000000ccd00000|100%| E|CS|TAMS 0x00000000ccc00000, 0x00000000ccc00000| Complete 
| 205|0x00000000ccd00000, 0x00000000cce00000, 0x00000000cce00000|100%| E|CS|TAMS 0x00000000ccd00000, 0x00000000ccd00000| Complete 
| 206|0x00000000cce00000, 0x00000000ccf00000, 0x00000000ccf00000|100%| E|CS|TAMS 0x00000000cce00000, 0x00000000cce00000| Complete 
| 207|0x00000000ccf00000, 0x00000000ccf219d8, 0x00000000cd000000| 13%| S|CS|TAMS 0x00000000ccf00000, 0x00000000ccf00000| Complete 
| 208|0x00000000cd000000, 0x00000000cd100000, 0x00000000cd100000|100%| S|CS|TAMS 0x00000000cd000000, 0x00000000cd000000| Complete 
| 209|0x00000000cd100000, 0x00000000cd200000, 0x00000000cd200000|100%| S|CS|TAMS 0x00000000cd100000, 0x00000000cd100000| Complete 
| 210|0x00000000cd200000, 0x00000000cd300000, 0x00000000cd300000|100%| S|CS|TAMS 0x00000000cd200000, 0x00000000cd200000| Complete 
| 211|0x00000000cd300000, 0x00000000cd400000, 0x00000000cd400000|100%| S|CS|TAMS 0x00000000cd300000, 0x00000000cd300000| Complete 
| 212|0x00000000cd400000, 0x00000000cd500000, 0x00000000cd500000|100%| E|CS|TAMS 0x00000000cd400000, 0x00000000cd400000| Complete 
| 213|0x00000000cd500000, 0x00000000cd600000, 0x00000000cd600000|100%| E|CS|TAMS 0x00000000cd500000, 0x00000000cd500000| Complete 
| 214|0x00000000cd600000, 0x00000000cd700000, 0x00000000cd700000|100%| E|CS|TAMS 0x00000000cd600000, 0x00000000cd600000| Complete 
| 215|0x00000000cd700000, 0x00000000cd800000, 0x00000000cd800000|100%| E|CS|TAMS 0x00000000cd700000, 0x00000000cd700000| Complete 
| 216|0x00000000cd800000, 0x00000000cd900000, 0x00000000cd900000|100%| E|CS|TAMS 0x00000000cd800000, 0x00000000cd800000| Complete 
| 217|0x00000000cd900000, 0x00000000cda00000, 0x00000000cda00000|100%| E|CS|TAMS 0x00000000cd900000, 0x00000000cd900000| Complete 
| 218|0x00000000cda00000, 0x00000000cdb00000, 0x00000000cdb00000|100%| E|CS|TAMS 0x00000000cda00000, 0x00000000cda00000| Complete 
| 219|0x00000000cdb00000, 0x00000000cdc00000, 0x00000000cdc00000|100%| E|CS|TAMS 0x00000000cdb00000, 0x00000000cdb00000| Complete 
| 220|0x00000000cdc00000, 0x00000000cdd00000, 0x00000000cdd00000|100%| E|CS|TAMS 0x00000000cdc00000, 0x00000000cdc00000| Complete 
| 221|0x00000000cdd00000, 0x00000000cde00000, 0x00000000cde00000|100%| E|CS|TAMS 0x00000000cdd00000, 0x00000000cdd00000| Complete 
| 222|0x00000000cde00000, 0x00000000cdf00000, 0x00000000cdf00000|100%| E|CS|TAMS 0x00000000cde00000, 0x00000000cde00000| Complete 
| 223|0x00000000cdf00000, 0x00000000ce000000, 0x00000000ce000000|100%| E|CS|TAMS 0x00000000cdf00000, 0x00000000cdf00000| Complete 
| 224|0x00000000ce000000, 0x00000000ce100000, 0x00000000ce100000|100%| E|CS|TAMS 0x00000000ce000000, 0x00000000ce000000| Complete 
| 225|0x00000000ce100000, 0x00000000ce200000, 0x00000000ce200000|100%| E|CS|TAMS 0x00000000ce100000, 0x00000000ce100000| Complete 
| 226|0x00000000ce200000, 0x00000000ce300000, 0x00000000ce300000|100%| E|CS|TAMS 0x00000000ce200000, 0x00000000ce200000| Complete 
| 227|0x00000000ce300000, 0x00000000ce400000, 0x00000000ce400000|100%| E|CS|TAMS 0x00000000ce300000, 0x00000000ce300000| Complete 
| 228|0x00000000ce400000, 0x00000000ce500000, 0x00000000ce500000|100%| E|CS|TAMS 0x00000000ce400000, 0x00000000ce400000| Complete 
| 229|0x00000000ce500000, 0x00000000ce600000, 0x00000000ce600000|100%| E|CS|TAMS 0x00000000ce500000, 0x00000000ce500000| Complete 
| 230|0x00000000ce600000, 0x00000000ce700000, 0x00000000ce700000|100%| E|CS|TAMS 0x00000000ce600000, 0x00000000ce600000| Complete 
| 231|0x00000000ce700000, 0x00000000ce800000, 0x00000000ce800000|100%| E|CS|TAMS 0x00000000ce700000, 0x00000000ce700000| Complete 
| 232|0x00000000ce800000, 0x00000000ce900000, 0x00000000ce900000|100%| E|CS|TAMS 0x00000000ce800000, 0x00000000ce800000| Complete 
| 233|0x00000000ce900000, 0x00000000cea00000, 0x00000000cea00000|100%| E|CS|TAMS 0x00000000ce900000, 0x00000000ce900000| Complete 
| 234|0x00000000cea00000, 0x00000000ceb00000, 0x00000000ceb00000|100%| E|CS|TAMS 0x00000000cea00000, 0x00000000cea00000| Complete 
| 235|0x00000000ceb00000, 0x00000000cec00000, 0x00000000cec00000|100%| E|CS|TAMS 0x00000000ceb00000, 0x00000000ceb00000| Complete 
| 236|0x00000000cec00000, 0x00000000ced00000, 0x00000000ced00000|100%| E|CS|TAMS 0x00000000cec00000, 0x00000000cec00000| Complete 
| 237|0x00000000ced00000, 0x00000000cee00000, 0x00000000cee00000|100%| E|CS|TAMS 0x00000000ced00000, 0x00000000ced00000| Complete 
| 238|0x00000000cee00000, 0x00000000cef00000, 0x00000000cef00000|100%| E|CS|TAMS 0x00000000cee00000, 0x00000000cee00000| Complete 
| 239|0x00000000cef00000, 0x00000000cf000000, 0x00000000cf000000|100%| E|CS|TAMS 0x00000000cef00000, 0x00000000cef00000| Complete 
| 240|0x00000000cf000000, 0x00000000cf100000, 0x00000000cf100000|100%| E|CS|TAMS 0x00000000cf000000, 0x00000000cf000000| Complete 
| 241|0x00000000cf100000, 0x00000000cf200000, 0x00000000cf200000|100%| E|CS|TAMS 0x00000000cf100000, 0x00000000cf100000| Complete 
| 242|0x00000000cf200000, 0x00000000cf300000, 0x00000000cf300000|100%| E|CS|TAMS 0x00000000cf200000, 0x00000000cf200000| Complete 
| 243|0x00000000cf300000, 0x00000000cf400000, 0x00000000cf400000|100%| E|CS|TAMS 0x00000000cf300000, 0x00000000cf300000| Complete 
| 244|0x00000000cf400000, 0x00000000cf500000, 0x00000000cf500000|100%| E|CS|TAMS 0x00000000cf400000, 0x00000000cf400000| Complete 
| 245|0x00000000cf500000, 0x00000000cf600000, 0x00000000cf600000|100%| E|CS|TAMS 0x00000000cf500000, 0x00000000cf500000| Complete 

Card table byte_map: [0x0000025ef3090000,0x0000025ef3290000] _byte_map_base: 0x0000025ef2a90000

Marking Bits (Prev, Next): (CMBitMap*) 0x0000025ede1867b0, (CMBitMap*) 0x0000025ede1867f0
 Prev Bits: [0x0000025ef3490000, 0x0000025ef4490000)
 Next Bits: [0x0000025ef4490000, 0x0000025ef5490000)

Polling page: 0x0000025edc0d0000

Metaspace:

Usage:
  Non-class:     16.56 MB used.
      Class:      1.94 MB used.
       Both:     18.49 MB used.

Virtual space:
  Non-class space:       64.00 MB reserved,      16.81 MB ( 26%) committed,  1 nodes.
      Class space:        1.00 GB reserved,       2.25 MB ( <1%) committed,  1 nodes.
             Both:        1.06 GB reserved,      19.06 MB (  2%) committed. 

Chunk freelists:
   Non-Class:  2.46 MB
       Class:  1.72 MB
        Both:  4.17 MB

MaxMetaspaceSize: unlimited
CompressedClassSpaceSize: 1.00 GB
Initial GC threshold: 21.00 MB
Current GC threshold: 21.00 MB
CDS: on
MetaspaceReclaimPolicy: balanced
 - commit_granule_bytes: 65536.
 - commit_granule_words: 8192.
 - virtual_space_node_default_size: 8388608.
 - enlarge_chunks_in_place: 1.
 - new_chunks_are_fully_committed: 0.
 - uncommit_free_chunks: 1.
 - use_allocation_guard: 0.


Internal statistics:

num_allocs_failed_limit: 0.
num_arena_births: 398.
num_arena_deaths: 0.
num_vsnodes_births: 2.
num_vsnodes_deaths: 0.
num_space_committed: 305.
num_space_uncommitted: 0.
num_chunks_returned_to_freelist: 0.
num_chunks_taken_from_freelist: 1089.
num_chunk_merges: 0.
num_chunk_splits: 705.
num_chunks_enlarged: 471.
num_inconsistent_stats: 0.

CodeHeap 'non-profiled nmethods': size=119168Kb used=1204Kb max_used=1204Kb free=117963Kb
 bounds [0x0000025eeb1b0000, 0x0000025eeb420000, 0x0000025ef2610000]
CodeHeap 'profiled nmethods': size=119104Kb used=6751Kb max_used=6751Kb free=112352Kb
 bounds [0x0000025ee3610000, 0x0000025ee3cb0000, 0x0000025eeaa60000]
CodeHeap 'non-nmethods': size=7488Kb used=1335Kb max_used=3055Kb free=6152Kb
 bounds [0x0000025eeaa60000, 0x0000025eead70000, 0x0000025eeb1b0000]
 total_blobs=3774 nmethods=3223 adapters=460
 compilation: enabled
              stopped_count=0, restarted_count=0
 full_count=0

Compilation events (20 events):
Event: 167.659 Thread 0x0000025ef84c6e00 nmethod 3214 0x0000025eeb2dad90 code [0x0000025eeb2daf20, 0x0000025eeb2db018]
Event: 167.675 Thread 0x0000025ef84c6e00 3215       4       java.io.BufferedInputStream::implRead (113 bytes)
Event: 167.682 Thread 0x0000025ef84c6e00 nmethod 3215 0x0000025eeb2db110 code [0x0000025eeb2db2e0, 0x0000025eeb2db7f8]
Event: 167.682 Thread 0x0000025ef84c6e00 3217       4       java.nio.ByteBuffer::arrayOffset (35 bytes)
Event: 167.683 Thread 0x0000025ef84c6e00 nmethod 3217 0x0000025eeb2dbd10 code [0x0000025eeb2dbea0, 0x0000025eeb2dbf58]
Event: 167.683 Thread 0x0000025ef84c6e00 3216       4       java.nio.CharBuffer::position (6 bytes)
Event: 167.683 Thread 0x0000025ef84c6e00 nmethod 3216 0x0000025eeb2dc010 code [0x0000025eeb2dc1a0, 0x0000025eeb2dc278]
Event: 185.742 Thread 0x0000025ef84cf780 3218       3       jdk.internal.misc.Unsafe::putReferenceOpaque (9 bytes)
Event: 185.742 Thread 0x0000025ef84cf780 nmethod 3218 0x0000025ee3ca7790 code [0x0000025ee3ca7920, 0x0000025ee3ca7a78]
Event: 210.657 Thread 0x0000025ef84cf780 3219       3       java.util.concurrent.locks.LockSupport::setBlocker (12 bytes)
Event: 210.658 Thread 0x0000025ef84cf780 nmethod 3219 0x0000025ee3ca7b10 code [0x0000025ee3ca7cc0, 0x0000025ee3ca7ec8]
Event: 231.402 Thread 0x0000025ef84c6e00 3220   !   4       java.io.FileInputStream::available (24 bytes)
Event: 231.403 Thread 0x0000025ef84c6e00 nmethod 3220 0x0000025eeb2dc390 code [0x0000025eeb2dc540, 0x0000025eeb2dc658]
Event: 231.409 Thread 0x0000025ef84c6e00 3221       4       java.lang.invoke.DirectMethodHandle$Holder::invokeStatic (14 bytes)
Event: 231.410 Thread 0x0000025ef84c6e00 nmethod 3221 0x0000025eeb2dc810 code [0x0000025eeb2dc9a0, 0x0000025eeb2dca48]
Event: 231.411 Thread 0x0000025ef84c6e00 3222       4       java.nio.Buffer::limit (65 bytes)
Event: 231.412 Thread 0x0000025ef84c6e00 nmethod 3222 0x0000025eeb2dcb90 code [0x0000025eeb2dcd20, 0x0000025eeb2dce18]
Event: 231.414 Thread 0x0000025ef84c6e00 3223       4       java.nio.ByteBuffer::position (6 bytes)
Event: 231.415 Thread 0x0000025ef84c6e00 nmethod 3223 0x0000025eeb2dcf10 code [0x0000025eeb2dd0a0, 0x0000025eeb2dd198]
Event: 261.445 Thread 0x0000025ef84c6e00 3224       4       java.io.WinNTFileSystem::normalize (143 bytes)

GC Heap History (4 events):
Event: 0.716 GC heap before
{Heap before GC invocations=0 (full 0):
 garbage-first heap   total 251904K, used 23552K [0x00000000c0000000, 0x0000000100000000)
  region size 1024K, 23 young (23552K), 0 survivors (0K)
 Metaspace       used 6942K, committed 7168K, reserved 1114112K
  class space    used 674K, committed 768K, reserved 1048576K
}
Event: 0.721 GC heap after
{Heap after GC invocations=1 (full 0):
 garbage-first heap   total 251904K, used 3925K [0x00000000c0000000, 0x0000000100000000)
  region size 1024K, 3 young (3072K), 3 survivors (3072K)
 Metaspace       used 6942K, committed 7168K, reserved 1114112K
  class space    used 674K, committed 768K, reserved 1048576K
}
Event: 5.722 GC heap before
{Heap before GC invocations=1 (full 0):
 garbage-first heap   total 251904K, used 34645K [0x00000000c0000000, 0x0000000100000000)
  region size 1024K, 34 young (34816K), 3 survivors (3072K)
 Metaspace       used 15441K, committed 16000K, reserved 1114112K
  class space    used 1570K, committed 1856K, reserved 1048576K
}
Event: 5.726 GC heap after
{Heap after GC invocations=2 (full 0):
 garbage-first heap   total 251904K, used 8226K [0x00000000c0000000, 0x0000000100000000)
  region size 1024K, 5 young (5120K), 5 survivors (5120K)
 Metaspace       used 15441K, committed 16000K, reserved 1114112K
  class space    used 1570K, committed 1856K, reserved 1048576K
}

Dll operation events (9 events):
Event: 0.006 Loaded shared library C:\Users\Zikri\.pydev_vscode\java19\jdk-19.0.2+7-jre\bin\java.dll
Event: 0.014 Loaded shared library C:\Users\Zikri\.pydev_vscode\java19\jdk-19.0.2+7-jre\bin\jsvml.dll
Event: 0.085 Loaded shared library C:\Users\Zikri\.pydev_vscode\java19\jdk-19.0.2+7-jre\bin\net.dll
Event: 0.087 Loaded shared library C:\Users\Zikri\.pydev_vscode\java19\jdk-19.0.2+7-jre\bin\nio.dll
Event: 0.091 Loaded shared library C:\Users\Zikri\.pydev_vscode\java19\jdk-19.0.2+7-jre\bin\zip.dll
Event: 0.191 Loaded shared library C:\Users\Zikri\.pydev_vscode\java19\jdk-19.0.2+7-jre\bin\jimage.dll
Event: 0.730 Loaded shared library C:\Users\Zikri\.vscode\extensions\fabioz.vscode-pydev-0.15.3\server\plugins\org.eclipse.equinox.launcher.win32.win32.x86_64_1.2.900.v20240213-1244\eclipse_11900.dll
Event: 5.337 Loaded shared library C:\Users\Zikri\.pydev_vscode\java19\jdk-19.0.2+7-jre\bin\management.dll
Event: 5.340 Loaded shared library C:\Users\Zikri\.pydev_vscode\java19\jdk-19.0.2+7-jre\bin\management_ext.dll

Deoptimization events (20 events):
Event: 71.775 Thread 0x0000025efce2bb80 DEOPT PACKING pc=0x0000025ee37b3fa3 sp=0x0000008a51aff060
Event: 71.775 Thread 0x0000025efce2bb80 DEOPT UNPACKING pc=0x0000025eeaacb0e3 sp=0x0000008a51afe568 mode 0
Event: 71.776 Thread 0x0000025efce2bb80 DEOPT PACKING pc=0x0000025ee37b3fa3 sp=0x0000008a51aff060
Event: 71.776 Thread 0x0000025efce2bb80 DEOPT UNPACKING pc=0x0000025eeaacb0e3 sp=0x0000008a51afe568 mode 0
Event: 71.776 Thread 0x0000025efce2bb80 DEOPT PACKING pc=0x0000025ee37b3fa3 sp=0x0000008a51aff060
Event: 71.776 Thread 0x0000025efce2bb80 DEOPT UNPACKING pc=0x0000025eeaacb0e3 sp=0x0000008a51afe568 mode 0
Event: 71.776 Thread 0x0000025efce2bb80 DEOPT PACKING pc=0x0000025ee37b3fa3 sp=0x0000008a51aff060
Event: 71.776 Thread 0x0000025efce2bb80 DEOPT UNPACKING pc=0x0000025eeaacb0e3 sp=0x0000008a51afe568 mode 0
Event: 71.776 Thread 0x0000025efce2bb80 DEOPT PACKING pc=0x0000025ee37b3fa3 sp=0x0000008a51aff060
Event: 71.776 Thread 0x0000025efce2bb80 DEOPT UNPACKING pc=0x0000025eeaacb0e3 sp=0x0000008a51afe568 mode 0
Event: 71.777 Thread 0x0000025efce2bb80 DEOPT PACKING pc=0x0000025ee37b3fa3 sp=0x0000008a51aff060
Event: 71.777 Thread 0x0000025efce2bb80 DEOPT UNPACKING pc=0x0000025eeaacb0e3 sp=0x0000008a51afe568 mode 0
Event: 71.777 Thread 0x0000025efce2bb80 DEOPT PACKING pc=0x0000025ee37b3fa3 sp=0x0000008a51aff060
Event: 71.777 Thread 0x0000025efce2bb80 DEOPT UNPACKING pc=0x0000025eeaacb0e3 sp=0x0000008a51afe568 mode 0
Event: 71.777 Thread 0x0000025efce2bb80 DEOPT PACKING pc=0x0000025ee37b3fa3 sp=0x0000008a51aff060
Event: 71.777 Thread 0x0000025efce2bb80 DEOPT UNPACKING pc=0x0000025eeaacb0e3 sp=0x0000008a51afe568 mode 0
Event: 71.777 Thread 0x0000025efce2bb80 DEOPT PACKING pc=0x0000025ee37b3fa3 sp=0x0000008a51aff060
Event: 71.777 Thread 0x0000025efce2bb80 DEOPT UNPACKING pc=0x0000025eeaacb0e3 sp=0x0000008a51afe568 mode 0
Event: 71.778 Thread 0x0000025efce2bb80 DEOPT PACKING pc=0x0000025ee37b3fa3 sp=0x0000008a51aff060
Event: 71.778 Thread 0x0000025efce2bb80 DEOPT UNPACKING pc=0x0000025eeaacb0e3 sp=0x0000008a51afe568 mode 0

Classes loaded (20 events):
Event: 6.959 Loading class sun/util/resources/TimeZoneNames
Event: 6.959 Loading class sun/util/resources/TimeZoneNames done
Event: 6.960 Loading class sun/util/resources/TimeZoneNames_en
Event: 6.960 Loading class sun/util/resources/TimeZoneNames_en done
Event: 37.713 Loading class java/lang/ProcessBuilder
Event: 37.713 Loading class java/lang/ProcessBuilder done
Event: 37.713 Loading class java/lang/ProcessImpl
Event: 37.714 Loading class java/lang/Process
Event: 37.714 Loading class java/lang/Process done
Event: 37.714 Loading class java/lang/ProcessImpl done
Event: 37.768 Loading class java/lang/ProcessHandleImpl
Event: 37.768 Loading class java/lang/ProcessHandle
Event: 37.768 Loading class java/lang/ProcessHandle done
Event: 37.768 Loading class java/lang/ProcessHandleImpl done
Event: 37.770 Loading class java/lang/ProcessImpl$2
Event: 37.770 Loading class java/lang/ProcessImpl$2 done
Event: 37.770 Loading class java/lang/Process$PipeInputStream
Event: 37.770 Loading class java/lang/Process$PipeInputStream done
Event: 37.771 Loading class jdk/internal/event/ProcessStartEvent
Event: 37.771 Loading class jdk/internal/event/ProcessStartEvent done

Classes unloaded (0 events):
No events

Classes redefined (0 events):
No events

Internal exceptions (20 events):
Event: 5.494 Thread 0x0000025efd38c6b0 Exception <a 'java/lang/NoSuchMethodError'{0x00000000ce0f64a0}: 'void java.lang.invoke.DirectMethodHandle$Holder.invokeSpecial(java.lang.Object, java.lang.Object, int, java.lang.Object)'> (0x00000000ce0f64a0) 
thrown [s\src\hotspot\share\interpreter\linkResolver.cpp, line 774]
Event: 5.494 Thread 0x0000025efd38c6b0 Exception <a 'java/lang/NoSuchMethodError'{0x00000000ce0fc858}: 'java.lang.Object java.lang.invoke.DirectMethodHandle$Holder.newInvokeSpecial(java.lang.Object, java.lang.Object, int)'> (0x00000000ce0fc858) 
thrown [s\src\hotspot\share\interpreter\linkResolver.cpp, line 774]
Event: 5.701 Thread 0x0000025ede144840 Exception <a 'java/lang/NoSuchMethodError'{0x00000000cd444228}: 'void java.lang.invoke.DirectMethodHandle$Holder.invokeStatic(java.lang.Object, java.lang.Object, java.lang.Object, java.lang.Object)'> (0x00000000cd444228) 
thrown [s\src\hotspot\share\interpreter\linkResolver.cpp, line 774]
Event: 5.799 Thread 0x0000025ede144840 Exception <a 'java/lang/NoSuchMethodError'{0x00000000cf3f1b58}: 'void java.lang.invoke.DirectMethodHandle$Holder.invokeSpecial(java.lang.Object, java.lang.Object, java.lang.Object, java.lang.Object, java.lang.Object, java.lang.Object)'> (0x00000000cf3f1b58) 
thrown [s\src\hotspot\share\interpreter\linkResolver.cpp, line 774]
Event: 5.806 Thread 0x0000025ede144840 Exception <a 'java/lang/IncompatibleClassChangeError'{0x00000000cf29ab58}: Found class java.lang.Object, but interface was expected> (0x00000000cf29ab58) 
thrown [s\src\hotspot\share\interpreter\linkResolver.cpp, line 841]
Event: 5.807 Thread 0x0000025ede144840 Exception <a 'java/lang/IncompatibleClassChangeError'{0x00000000cf29c908}: Found class java.lang.Object, but interface was expected> (0x00000000cf29c908) 
thrown [s\src\hotspot\share\interpreter\linkResolver.cpp, line 841]
Event: 5.837 Thread 0x0000025efce2eb50 Exception <a 'java/lang/NoSuchMethodError'{0x00000000cf1fb458}: 'void java.lang.invoke.DirectMethodHandle$Holder.invokeSpecial(java.lang.Object, java.lang.Object, java.lang.Object, int)'> (0x00000000cf1fb458) 
thrown [s\src\hotspot\share\interpreter\linkResolver.cpp, line 774]
Event: 5.837 Thread 0x0000025efce2eb50 Exception <a 'java/lang/NoSuchMethodError'{0x00000000cf1feed8}: 'void java.lang.invoke.DelegatingMethodHandle$Holder.reinvoke_L(java.lang.Object, java.lang.Object, int)'> (0x00000000cf1feed8) 
thrown [s\src\hotspot\share\interpreter\linkResolver.cpp, line 774]
Event: 5.837 Thread 0x0000025efce2eb50 Exception <a 'java/lang/NoSuchMethodError'{0x00000000cf006948}: 'int java.lang.invoke.Invokers$Holder.invokeExact_MT(java.lang.Object, java.lang.Object, java.lang.Object)'> (0x00000000cf006948) 
thrown [s\src\hotspot\share\interpreter\linkResolver.cpp, line 774]
Event: 5.864 Thread 0x0000025efce2eb50 Exception <a 'java/lang/NoSuchMethodError'{0x00000000cef39e10}: 'void java.lang.invoke.Invokers$Holder.invokeExact_MT(java.lang.Object, java.lang.Object, int, java.lang.Object)'> (0x00000000cef39e10) 
thrown [s\src\hotspot\share\interpreter\linkResolver.cpp, line 774]
Event: 5.867 Thread 0x0000025efce2eb50 Exception <a 'java/lang/NoSuchMethodError'{0x00000000cef53450}: 'java.lang.Object java.lang.invoke.DirectMethodHandle$Holder.invokeInterface(java.lang.Object, java.lang.Object, java.lang.Object)'> (0x00000000cef53450) 
thrown [s\src\hotspot\share\interpreter\linkResolver.cpp, line 774]
Event: 5.898 Thread 0x0000025efce2c0d0 Exception <a 'java/io/FileNotFoundException'{0x00000000ceff2fa8}> (0x00000000ceff2fa8) 
thrown [s\src\hotspot\share\prims\jni.cpp, line 517]
Event: 5.931 Thread 0x0000025efce2eb50 Exception <a 'java/lang/IncompatibleClassChangeError'{0x00000000ced6c180}: Found class java.lang.Object, but interface was expected> (0x00000000ced6c180) 
thrown [s\src\hotspot\share\interpreter\linkResolver.cpp, line 841]
Event: 6.006 Thread 0x0000025efce2eb50 Exception <a 'java/lang/IncompatibleClassChangeError'{0x00000000cebaf940}: Found class java.lang.Object, but interface was expected> (0x00000000cebaf940) 
thrown [s\src\hotspot\share\interpreter\linkResolver.cpp, line 841]
Event: 6.013 Thread 0x0000025efce2eb50 Exception <a 'java/lang/IncompatibleClassChangeError'{0x00000000cebe2b98}: Found class java.lang.Object, but interface was expected> (0x00000000cebe2b98) 
thrown [s\src\hotspot\share\interpreter\linkResolver.cpp, line 841]
Event: 6.076 Thread 0x0000025efce2eb50 Exception <a 'java/lang/IncompatibleClassChangeError'{0x00000000cea21f68}: Found class java.lang.Object, but interface was expected> (0x00000000cea21f68) 
thrown [s\src\hotspot\share\interpreter\linkResolver.cpp, line 841]
Event: 37.767 Thread 0x0000025efce2bb80 Exception <a 'java/lang/NoSuchMethodError'{0x00000000ce974ff8}: 'void java.lang.invoke.DirectMethodHandle$Holder.invokeStatic(java.lang.Object, long)'> (0x00000000ce974ff8) 
thrown [s\src\hotspot\share\interpreter\linkResolver.cpp, line 774]
Event: 37.768 Thread 0x0000025efce2bb80 Exception <a 'java/lang/NoSuchMethodError'{0x00000000ce97a990}: 'java.lang.Object java.lang.invoke.DirectMethodHandle$Holder.newInvokeSpecial(java.lang.Object, long)'> (0x00000000ce97a990) 
thrown [s\src\hotspot\share\interpreter\linkResolver.cpp, line 774]
Event: 37.769 Thread 0x0000025efce2bb80 Exception <a 'java/lang/NoSuchMethodError'{0x00000000ce9813c0}: 'java.lang.Object java.lang.invoke.DirectMethodHandle$Holder.invokeStatic(java.lang.Object, long, java.lang.Object)'> (0x00000000ce9813c0) 
thrown [s\src\hotspot\share\interpreter\linkResolver.cpp, line 774]
Event: 37.769 Thread 0x0000025efce2bb80 Exception <a 'java/lang/NoSuchMethodError'{0x00000000ce984cc0}: 'java.lang.Object java.lang.invoke.DirectMethodHandle$Holder.invokeStaticInit(java.lang.Object, long, java.lang.Object)'> (0x00000000ce984cc0) 
thrown [s\src\hotspot\share\interpreter\linkResolver.cpp, line 774]

VM Operations (20 events):
Event: 5.879 Executing VM operation: HandshakeAllThreads
Event: 5.879 Executing VM operation: HandshakeAllThreads done
Event: 5.879 Executing VM operation: HandshakeAllThreads
Event: 5.879 Executing VM operation: HandshakeAllThreads done
Event: 5.935 Executing VM operation: HandshakeAllThreads
Event: 5.935 Executing VM operation: HandshakeAllThreads done
Event: 5.945 Executing VM operation: HandshakeAllThreads
Event: 5.945 Executing VM operation: HandshakeAllThreads done
Event: 6.952 Executing VM operation: Cleanup
Event: 6.952 Executing VM operation: Cleanup done
Event: 10.958 Executing VM operation: Cleanup
Event: 10.958 Executing VM operation: Cleanup done
Event: 37.771 Executing VM operation: HandshakeAllThreads
Event: 37.771 Executing VM operation: HandshakeAllThreads done
Event: 39.776 Executing VM operation: Cleanup
Event: 39.776 Executing VM operation: Cleanup done
Event: 136.238 Executing VM operation: Cleanup
Event: 136.239 Executing VM operation: Cleanup done
Event: 231.654 Executing VM operation: Cleanup
Event: 231.654 Executing VM operation: Cleanup done

Events (20 events):
Event: 5.397 Thread 0x0000025efce2f0a0 Thread added: 0x0000025efce2f0a0
Event: 5.411 Thread 0x0000025efce2db60 Thread added: 0x0000025efce2db60
Event: 5.496 Thread 0x0000025efce2cb70 Thread added: 0x0000025efce2cb70
Event: 5.605 Thread 0x0000025efd8a5430 Thread added: 0x0000025efd8a5430
Event: 5.605 Thread 0x0000025efd8a59b0 Thread added: 0x0000025efd8a59b0
Event: 5.686 Thread 0x0000025efce2bb80 Thread added: 0x0000025efce2bb80
Event: 5.819 Thread 0x0000025efce2eb50 Thread added: 0x0000025efce2eb50
Event: 5.898 Thread 0x0000025efce2c0d0 Thread added: 0x0000025efce2c0d0
Event: 5.902 Thread 0x0000025efce2c620 Thread added: 0x0000025efce2c620
Event: 5.964 Thread 0x0000025efce2d0c0 Thread added: 0x0000025efce2d0c0
Event: 6.239 Thread 0x0000025efd8a59b0 Thread exited: 0x0000025efd8a59b0
Event: 6.239 Thread 0x0000025efd8a5430 Thread exited: 0x0000025efd8a5430
Event: 6.239 Thread 0x0000025ef8610ed0 Thread exited: 0x0000025ef8610ed0
Event: 6.910 Thread 0x0000025ef85e2590 Thread exited: 0x0000025ef85e2590
Event: 6.961 Thread 0x0000025efce2c620 Thread exited: 0x0000025efce2c620
Event: 7.696 Thread 0x0000025ef85e1c00 Thread exited: 0x0000025ef85e1c00
Event: 10.429 Thread 0x0000025efd630580 Thread exited: 0x0000025efd630580
Event: 15.444 Thread 0x0000025ef85e1680 Thread exited: 0x0000025ef85e1680
Event: 65.665 Thread 0x0000025efce2f0a0 Thread exited: 0x0000025efce2f0a0
Event: 66.041 Thread 0x0000025efce2c0d0 Thread exited: 0x0000025efce2c0d0


Dynamic libraries:
0x00007ff7de5f0000 - 0x00007ff7de5fe000 	C:\Users\Zikri\.pydev_vscode\java19\jdk-19.0.2+7-jre\bin\java.exe
0x00007ffb7d160000 - 0x00007ffb7d3c7000 	C:\WINDOWS\SYSTEM32\ntdll.dll
0x00007ffb7c130000 - 0x00007ffb7c1f9000 	C:\WINDOWS\System32\KERNEL32.DLL
0x00007ffb7a6a0000 - 0x00007ffb7aa90000 	C:\WINDOWS\System32\KERNELBASE.dll
0x00007ffb7a340000 - 0x00007ffb7a48b000 	C:\WINDOWS\System32\ucrtbase.dll
0x00007ffb374b0000 - 0x00007ffb374c7000 	C:\Users\Zikri\.pydev_vscode\java19\jdk-19.0.2+7-jre\bin\jli.dll
0x00007ffb145a0000 - 0x00007ffb145b9000 	C:\Users\Zikri\.pydev_vscode\java19\jdk-19.0.2+7-jre\bin\VCRUNTIME140.dll
0x00007ffb7ce50000 - 0x00007ffb7d015000 	C:\WINDOWS\System32\USER32.dll
0x00007ffb5ff80000 - 0x00007ffb6021a000 	C:\WINDOWS\WinSxS\amd64_microsoft.windows.common-controls_6595b64144ccf1df_6.0.26100.4768_none_3e0c112ce331287c\COMCTL32.dll
0x00007ffb7ac00000 - 0x00007ffb7ac27000 	C:\WINDOWS\System32\win32u.dll
0x00007ffb7b980000 - 0x00007ffb7b9ab000 	C:\WINDOWS\System32\GDI32.dll
0x00007ffb7c4f0000 - 0x00007ffb7c599000 	C:\WINDOWS\System32\msvcrt.dll
0x00007ffb7adb0000 - 0x00007ffb7aee8000 	C:\WINDOWS\System32\gdi32full.dll
0x00007ffb7a290000 - 0x00007ffb7a333000 	C:\WINDOWS\System32\msvcp_win.dll
0x00007ffb7b6d0000 - 0x00007ffb7b6ff000 	C:\WINDOWS\System32\IMM32.DLL
0x00007ffb5a2a0000 - 0x00007ffb5a2ac000 	C:\Users\Zikri\.pydev_vscode\java19\jdk-19.0.2+7-jre\bin\vcruntime140_1.dll
0x00007ffac2020000 - 0x00007ffac20b1000 	C:\Users\Zikri\.pydev_vscode\java19\jdk-19.0.2+7-jre\bin\msvcp140.dll
0x00007ffa7eaa0000 - 0x00007ffa7f791000 	C:\Users\Zikri\.pydev_vscode\java19\jdk-19.0.2+7-jre\bin\server\jvm.dll
0x00007ffb7c430000 - 0x00007ffb7c4e4000 	C:\WINDOWS\System32\ADVAPI32.dll
0x00007ffb7bc70000 - 0x00007ffb7bd16000 	C:\WINDOWS\System32\sechost.dll
0x00007ffb7cb30000 - 0x00007ffb7cc48000 	C:\WINDOWS\System32\RPCRT4.dll
0x00007ffb6dfb0000 - 0x00007ffb6dfe5000 	C:\WINDOWS\SYSTEM32\WINMM.dll
0x00007ffb542d0000 - 0x00007ffb542da000 	C:\WINDOWS\SYSTEM32\WSOCK32.dll
0x00007ffb6ab40000 - 0x00007ffb6ab4b000 	C:\WINDOWS\SYSTEM32\VERSION.dll
0x00007ffb7bd20000 - 0x00007ffb7bd94000 	C:\WINDOWS\System32\WS2_32.dll
0x00007ffb79010000 - 0x00007ffb7902b000 	C:\WINDOWS\SYSTEM32\kernel.appcore.dll
0x00007ffb58ae0000 - 0x00007ffb58aea000 	C:\Users\Zikri\.pydev_vscode\java19\jdk-19.0.2+7-jre\bin\jimage.dll
0x00007ffb77a80000 - 0x00007ffb77cc1000 	C:\WINDOWS\SYSTEM32\DBGHELP.DLL
0x00007ffb7bda0000 - 0x00007ffb7c125000 	C:\WINDOWS\System32\combase.dll
0x00007ffb7ccd0000 - 0x00007ffb7cdb0000 	C:\WINDOWS\System32\OLEAUT32.dll
0x00007ffb4f150000 - 0x00007ffb4f193000 	C:\WINDOWS\SYSTEM32\dbgcore.DLL
0x00007ffb7aaa0000 - 0x00007ffb7ab39000 	C:\WINDOWS\System32\bcryptPrimitives.dll
0x00007ffb120d0000 - 0x00007ffb120f6000 	C:\Users\Zikri\.pydev_vscode\java19\jdk-19.0.2+7-jre\bin\java.dll
0x00007ffab2510000 - 0x00007ffab25e6000 	C:\Users\Zikri\.pydev_vscode\java19\jdk-19.0.2+7-jre\bin\jsvml.dll
0x00007ffb7af80000 - 0x00007ffb7b6cd000 	C:\WINDOWS\System32\SHELL32.dll
0x00007ffb7a520000 - 0x00007ffb7a693000 	C:\WINDOWS\System32\wintypes.dll
0x00007ffb77cd0000 - 0x00007ffb7852f000 	C:\WINDOWS\SYSTEM32\windows.storage.dll
0x00007ffb7d020000 - 0x00007ffb7d115000 	C:\WINDOWS\System32\SHCORE.dll
0x00007ffb7cc50000 - 0x00007ffb7ccba000 	C:\WINDOWS\System32\shlwapi.dll
0x00007ffb7a1b0000 - 0x00007ffb7a1d9000 	C:\WINDOWS\SYSTEM32\profapi.dll
0x00007ffb105c0000 - 0x00007ffb105d3000 	C:\Users\Zikri\.pydev_vscode\java19\jdk-19.0.2+7-jre\bin\net.dll
0x00007ffb742e0000 - 0x00007ffb743fe000 	C:\WINDOWS\SYSTEM32\WINHTTP.dll
0x00007ffb795a0000 - 0x00007ffb7960b000 	C:\WINDOWS\system32\mswsock.dll
0x00007ffb10480000 - 0x00007ffb10496000 	C:\Users\Zikri\.pydev_vscode\java19\jdk-19.0.2+7-jre\bin\nio.dll
0x00007ffb10170000 - 0x00007ffb10188000 	C:\Users\Zikri\.pydev_vscode\java19\jdk-19.0.2+7-jre\bin\zip.dll
0x00007ffb0f3a0000 - 0x00007ffb0f3de000 	C:\Users\Zikri\.vscode\extensions\fabioz.vscode-pydev-0.15.3\server\plugins\org.eclipse.equinox.launcher.win32.win32.x86_64_1.2.900.v20240213-1244\eclipse_11900.dll
0x00007ffb7c200000 - 0x00007ffb7c3a0000 	C:\WINDOWS\System32\ole32.dll
0x00007ffb58aa0000 - 0x00007ffb58aa9000 	C:\Users\Zikri\.pydev_vscode\java19\jdk-19.0.2+7-jre\bin\management.dll
0x00007ffb58800000 - 0x00007ffb5880b000 	C:\Users\Zikri\.pydev_vscode\java19\jdk-19.0.2+7-jre\bin\management_ext.dll
0x00007ffb7b970000 - 0x00007ffb7b978000 	C:\WINDOWS\System32\PSAPI.DLL

dbghelp: loaded successfully - version: 4.0.5 - missing functions: none
symbol engine: initialized successfully - sym options: 0x614 - pdb path: .;C:\Users\Zikri\.pydev_vscode\java19\jdk-19.0.2+7-jre\bin;C:\WINDOWS\SYSTEM32;C:\WINDOWS\WinSxS\amd64_microsoft.windows.common-controls_6595b64144ccf1df_6.0.26100.4768_none_3e0c112ce331287c;C:\Users\Zikri\.pydev_vscode\java19\jdk-19.0.2+7-jre\bin\server;C:\Users\Zikri\.vscode\extensions\fabioz.vscode-pydev-0.15.3\server\plugins\org.eclipse.equinox.launcher.win32.win32.x86_64_1.2.900.v20240213-1244

VM Arguments:
jvm_args: --add-modules=ALL-SYSTEM --add-opens=java.base/java.util=ALL-UNNAMED --add-opens=java.base/java.lang=ALL-UNNAMED -Declipse.application=org.python.pydev.pydev_lsp.application -Dosgi.bundles.defaultStartLevel=4 -Declipse.product=org.python.pydev.pydev_lsp.product -Xmx1G -XX:+UseG1GC -XX:+UseStringDeduplication 
java_command: c:\Users\Zikri\.vscode\extensions\fabioz.vscode-pydev-0.15.3\server\plugins\org.eclipse.equinox.launcher_1.6.700.v20240213-1244.jar -configuration c:\Users\Zikri\.vscode\extensions\fabioz.vscode-pydev-0.15.3\server\config_win -data c:\Users\Zikri\AppData\Roaming\Code\User\workspaceStorage\fd5cb68b46e6f0a8128d95c09c10672e\fabioz.vscode-pydev\pydev_ws
java_class_path (initial): c:\Users\Zikri\.vscode\extensions\fabioz.vscode-pydev-0.15.3\server\plugins\org.eclipse.equinox.launcher_1.6.700.v20240213-1244.jar
Launcher Type: SUN_STANDARD

[Global flags]
     intx CICompilerCount                          = 12                                        {product} {ergonomic}
     uint ConcGCThreads                            = 3                                         {product} {ergonomic}
     uint G1ConcRefinementThreads                  = 13                                        {product} {ergonomic}
   size_t G1HeapRegionSize                         = 1048576                                   {product} {ergonomic}
    uintx GCDrainStackTargetSize                   = 64                                        {product} {ergonomic}
   size_t InitialHeapSize                          = 257949696                                 {product} {ergonomic}
   size_t MarkStackSize                            = 4194304                                   {product} {ergonomic}
   size_t MaxHeapSize                              = 1073741824                                {product} {command line}
   size_t MaxNewSize                               = 643825664                                 {product} {ergonomic}
   size_t MinHeapDeltaBytes                        = 1048576                                   {product} {ergonomic}
   size_t MinHeapSize                              = 8388608                                   {product} {ergonomic}
    uintx NonNMethodCodeHeapSize                   = 7602480                                {pd product} {ergonomic}
    uintx NonProfiledCodeHeapSize                  = 122027880                              {pd product} {ergonomic}
    uintx ProfiledCodeHeapSize                     = 122027880                              {pd product} {ergonomic}
    uintx ReservedCodeCacheSize                    = 251658240                              {pd product} {ergonomic}
     bool SegmentedCodeCache                       = true                                      {product} {ergonomic}
   size_t SoftMaxHeapSize                          = 1073741824                             {manageable} {ergonomic}
     bool UseCompressedClassPointers               = true                           {product lp64_product} {ergonomic}
     bool UseCompressedOops                        = true                           {product lp64_product} {ergonomic}
     bool UseG1GC                                  = true                                      {product} {command line}
     bool UseLargePagesIndividualAllocation        = false                                  {pd product} {ergonomic}
     bool UseStringDeduplication                   = true                                      {product} {command line}

Logging:
Log output configuration:
 #0: stdout all=warning uptime,level,tags foldmultilines=false
 #1: stderr all=off uptime,level,tags foldmultilines=false

Environment Variables:
PATH=c:/Users/Zikri/.vscode/extensions/stmicroelectronics.stm32cube-ide-build-cmake-1.40.0/resources/cube-cmake/win32;c:\Users\Zikri\.vscode\extensions\stmicroelectronics.stm32cube-ide-core-0.17.1\resources\binaries\win32\x86_64;C:\Program Files (x86)\STMicroelectronics\stlink_server;C:\ST\STM32CubeCLT_1.18.0;C:\ST\STM32CubeCLT_1.18.0\CMake\bin;C:\ST\STM32CubeCLT_1.18.0\Ninja\bin;C:\ST\STM32CubeCLT_1.18.0\GNU-tools-for-STM32\bin;C:\ST\STM32CubeCLT_1.18.0\STLink-gdb-server\bin;C:\ST\STM32CubeCLT_1.18.0\STM32CubeProgrammer\bin;C:\Program Files\Common Files\Oracle\Java\javapath;C:\WINDOWS\system32;C:\WINDOWS;C:\WINDOWS\System32\Wbem;C:\WINDOWS\System32\WindowsPowerShell\v1.0\;C:\WINDOWS\System32\OpenSSH\;C:\Program Files\dotnet\;C:\Program Files\Git\cmd;C:\Program Files\Git LFS;C:\Program Files\STMicroelectronics\STM32Cube\STM32CubeProgrammer\bin;C:\Program Files\usbipd-win\;C:\Program Files\CMake\bin;C:\Program Files\SEGGER\JLink_V826;C:\Program Files\Tailscale\;C:\Program Files (x86)\Arm GNU Toolchain arm-none-eabi\14.2 rel1\bin;C:\Users\Zikri\AppData\Local\Programs\Python\Python311\Scripts\;C:\Users\Zikri\AppData\Local\Programs\Python\Python311\;C:\Users\Zikri\AppData\Local\Microsoft\WindowsApps;C:\Users\Zikri\AppData\Local\GitHubDesktop\bin;C:\Users\Zikri\AppData\Local\Programs\Microsoft VS Code\bin;C:\Users\Zikri\.dotnet\tools;C:\Program Files\STMicroelectronics\STM32Cube\STM32CubeProgrammer\bin;C:\Program Files\SEGGER\JLink_V826;
USERNAME=Zikri
OS=Windows_NT
PROCESSOR_IDENTIFIER=AMD64 Family 25 Model 117 Stepping 2, AuthenticAMD
TMP=C:\Users\Zikri\AppData\Local\Temp
TEMP=C:\Users\Zikri\AppData\Local\Temp



---------------  S Y S T E M  ---------------

OS:
 Windows 11 , 64 bit Build 26100 (10.0.26100.4768)
OS uptime: 6 days 18:35 hours
Hyper-V role detected

CPU: total 16 (initial active 16) (16 cores per cpu, 2 threads per core) family 25 model 117 stepping 2 microcode 0xa705206, cx8, cmov, fxsr, ht, mmx, 3dnowpref, sse, sse2, sse3, ssse3, sse4a, sse4.1, sse4.2, popcnt, lzcnt, tsc, tscinvbit, avx, avx2, aes, erms, clmul, bmi1, bmi2, adx, avx512f, avx512dq, avx512cd, avx512bw, avx512vl, sha, fma, vzeroupper, avx512_vpopcntdq, avx512_vpclmulqdq, avx512_vaes, avx512_vnni, clflush, clflushopt, avx512_vbmi2, avx512_vbmi, hv, rdtscp, rdpid, fsrm, gfni, avx512_bitalg

Memory: 4k page, system-wide physical 15638M (1242M free)
TotalPageFile size 62742M (AvailPageFile size 0M)
current process WorkingSet (physical memory assigned to process): 155M, peak: 155M
current process commit charge ("private bytes"): 384M, peak: 389M

vm_info: OpenJDK 64-Bit Server VM (19.0.2+7) for windows-amd64 JRE (19.0.2+7), built on 2023-01-17T00:00:00Z by "temurin" with MS VC++ 16.7 (VS2019)

END.
